c:\users\wlaza\desktop\the-little-rocket-space-graph-explorer\the-little-rocket-space-graph-explorer\debug\vc141.pdb
c:\users\wlaza\desktop\the-little-rocket-space-graph-explorer\the-little-rocket-space-graph-explorer\debug\vc141.idb
c:\users\wlaza\desktop\the-little-rocket-space-graph-explorer\the-little-rocket-space-graph-explorer\debug\undirected_map_tests.obj
c:\users\wlaza\desktop\the-little-rocket-space-graph-explorer\the-little-rocket-space-graph-explorer\debug\undirectedgraph_tests.obj
c:\users\wlaza\desktop\the-little-rocket-space-graph-explorer\the-little-rocket-space-graph-explorer\debug\shader_program.obj
c:\users\wlaza\desktop\the-little-rocket-space-graph-explorer\the-little-rocket-space-graph-explorer\debug\scene_object.obj
c:\users\wlaza\desktop\the-little-rocket-space-graph-explorer\the-little-rocket-space-graph-explorer\debug\scene_builder.obj
c:\users\wlaza\desktop\the-little-rocket-space-graph-explorer\the-little-rocket-space-graph-explorer\debug\scene.obj
c:\users\wlaza\desktop\the-little-rocket-space-graph-explorer\the-little-rocket-space-graph-explorer\debug\opengl_application.obj
c:\users\wlaza\desktop\the-little-rocket-space-graph-explorer\the-little-rocket-space-graph-explorer\debug\scene_controller.obj
c:\users\wlaza\desktop\the-little-rocket-space-graph-explorer\the-little-rocket-space-graph-explorer\debug\undirected_map.obj
c:\users\wlaza\desktop\the-little-rocket-space-graph-explorer\the-little-rocket-space-graph-explorer\debug\undirected_graph.obj
c:\users\wlaza\desktop\the-little-rocket-space-graph-explorer\the-little-rocket-space-graph-explorer\debug\standard_undirected_map_generator.obj
c:\users\wlaza\desktop\the-little-rocket-space-graph-explorer\the-little-rocket-space-graph-explorer\debug\main.obj
c:\users\wlaza\desktop\the-little-rocket-space-graph-explorer\the-little-rocket-space-graph-explorer\debug\search_algorithm.obj
c:\users\wlaza\desktop\the-little-rocket-space-graph-explorer\the-little-rocket-space-graph-explorer\debug\depth_first_search.obj
c:\users\wlaza\desktop\the-little-rocket-space-graph-explorer\the-little-rocket-space-graph-explorer\debug\graph_edge_view.obj
c:\users\wlaza\desktop\the-little-rocket-space-graph-explorer\the-little-rocket-space-graph-explorer\debug\graph_node_view.obj
c:\users\wlaza\desktop\the-little-rocket-space-graph-explorer\debug\the-little-rocket-space-graph-explorer.exe
c:\users\wlaza\desktop\the-little-rocket-space-graph-explorer\debug\the-little-rocket-space-graph-explorer.ilk
c:\users\wlaza\desktop\the-little-rocket-space-graph-explorer\debug\the-little-rocket-space-graph-explorer.pdb
c:\users\wlaza\desktop\the-little-rocket-space-graph-explorer\the-little-rocket-space-graph-explorer\debug\the-litt.0c701d91.tlog\cl.command.1.tlog
c:\users\wlaza\desktop\the-little-rocket-space-graph-explorer\the-little-rocket-space-graph-explorer\debug\the-litt.0c701d91.tlog\cl.read.1.tlog
c:\users\wlaza\desktop\the-little-rocket-space-graph-explorer\the-little-rocket-space-graph-explorer\debug\the-litt.0c701d91.tlog\cl.write.1.tlog
c:\users\wlaza\desktop\the-little-rocket-space-graph-explorer\the-little-rocket-space-graph-explorer\debug\the-litt.0c701d91.tlog\link.19592-cvtres.read.1.tlog
c:\users\wlaza\desktop\the-little-rocket-space-graph-explorer\the-little-rocket-space-graph-explorer\debug\the-litt.0c701d91.tlog\link.19592-cvtres.write.1.tlog
c:\users\wlaza\desktop\the-little-rocket-space-graph-explorer\the-little-rocket-space-graph-explorer\debug\the-litt.0c701d91.tlog\link.19592-rc.read.1.tlog
c:\users\wlaza\desktop\the-little-rocket-space-graph-explorer\the-little-rocket-space-graph-explorer\debug\the-litt.0c701d91.tlog\link.19592-rc.write.1.tlog
c:\users\wlaza\desktop\the-little-rocket-space-graph-explorer\the-little-rocket-space-graph-explorer\debug\the-litt.0c701d91.tlog\link.19592.read.1.tlog
c:\users\wlaza\desktop\the-little-rocket-space-graph-explorer\the-little-rocket-space-graph-explorer\debug\the-litt.0c701d91.tlog\link.19592.write.1.tlog
c:\users\wlaza\desktop\the-little-rocket-space-graph-explorer\the-little-rocket-space-graph-explorer\debug\the-litt.0c701d91.tlog\link.command.1.tlog
c:\users\wlaza\desktop\the-little-rocket-space-graph-explorer\the-little-rocket-space-graph-explorer\debug\the-litt.0c701d91.tlog\link.read.1.tlog
c:\users\wlaza\desktop\the-little-rocket-space-graph-explorer\the-little-rocket-space-graph-explorer\debug\the-litt.0c701d91.tlog\link.write.1.tlog
